<?xml version="1.0" encoding="UTF-8"?>
<testsuites name="testlistener_testsuit1" time="41.218" tests="1" failures="0" errors="0">
   <testsuite name="testlistener_testsuit1" tests="1" failures="0" errors="0" time="41.218" skipped="0" timestamp="28-01-2024T13:21:29" hostname="guggi - LAPTOP-EVRU7AJ2" id="Test Suites/testlistener_testsuit1">
      <properties>
         <property name="deviceName" value=""/>
         <property name="devicePlatform" value=""/>
         <property name="logFolder" value="C:\\Users\\guggi\\Katalon Studio\\Software Automation Testing with Katalon\\Reports\\20240128_132121\\testlistener_testsuit1\\20240128_132121"/>
         <property name="logFiles" value="C:\\Users\\guggi\\Katalon Studio\\Software Automation Testing with Katalon\\Reports\\20240128_132121\\testlistener_testsuit1\\20240128_132121\\execution0.log"/>
         <property name="attachments" value=""/>
         <property name="hostName" value="guggi - LAPTOP-EVRU7AJ2"/>
         <property name="os" value="Windows 11 64bit"/>
         <property name="katalonVersion" value="9.2.0.212"/>
         <property name="browser" value="Chrome 120.0.0.0"/>
         <property name="hostAddress" value="192.168.1.119"/>
         <property name="sessionId" value="f4a2fe48b0a52ae505d3b276b14e0b4e"/>
         <property name="seleniumVersion" value="3.141.59"/>
         <property name="proxyInformation" value="ProxyInformation { proxyOption=NO_PROXY, proxyServerType=HTTP, username=, password=********, proxyServerAddress=, proxyServerPort=0, executionList=&quot;&quot;, isApplyToDesiredCapabilities=true }"/>
         <property name="platform" value="Windows 11"/>
      </properties>
      <testcase name="Test Cases/test_listeners/TL_tc_1" time="37.185" classname="Test Cases/test_listeners/TL_tc_1" status="PASSED">
         <system-out><![CDATA[28-01-2024T13:21:33 - [TEST_CASE][PASSED] - Test Cases/test_listeners/TL_tc_1: Test Cases/test_listeners/TL_tc_1

28-01-2024T13:21:33 - [TEST_STEP][PASSED] - Start listener action : sampleBeforeTestCase: Object: 'Object Repository/testlistener_tc_1_OR/Page_Amazon Sign-In/inputsignInSubmit' is clicked on

28-01-2024T13:21:33 - [TEST_STEP][PASSED] - click(findTestObject("Object Repository/testlistener_tc_1_OR/Page_Amazon.com. Spend less. Smile more/span_Hello, sign in")): Object: 'Object Repository/testlistener_tc_1_OR/Page_Amazon.com. Spend less. Smile more/span_Hello, sign in' is clicked on

28-01-2024T13:21:42 - [MESSAGE][PASSED] - Object: 'Object Repository/testlistener_tc_1_OR/Page_Amazon.com. Spend less. Smile more/span_Hello, sign in' is clicked on

28-01-2024T13:21:42 - [TEST_STEP][PASSED] - setText(findTestObject("Object Repository/testlistener_tc_1_OR/Page_Amazon Sign-In/input_email"), "hariniguggilla.123@gmail.com"): Text 'hariniguggilla.123@gmail.com' is set on object 'Object Repository/testlistener_tc_1_OR/Page_Amazon Sign-In/input_email'

28-01-2024T13:21:43 - [MESSAGE][PASSED] - Text 'hariniguggilla.123@gmail.com' is set on object 'Object Repository/testlistener_tc_1_OR/Page_Amazon Sign-In/input_email'

28-01-2024T13:21:43 - [TEST_STEP][PASSED] - click(findTestObject("Object Repository/testlistener_tc_1_OR/Page_Amazon Sign-In/inputcontinue")): Object: 'Object Repository/testlistener_tc_1_OR/Page_Amazon Sign-In/inputcontinue' is clicked on

28-01-2024T13:21:46 - [MESSAGE][PASSED] - Object: 'Object Repository/testlistener_tc_1_OR/Page_Amazon Sign-In/inputcontinue' is clicked on

28-01-2024T13:21:46 - [TEST_STEP][PASSED] - setEncryptedText(findTestObject("Object Repository/testlistener_tc_1_OR/Page_Amazon Sign-In/input_password"), "g/lpaYNY8qIiE38mW7XgiA=="): Text ****** has been set on object 'Object Repository/testlistener_tc_1_OR/Page_Amazon Sign-In/input_password'

28-01-2024T13:21:47 - [MESSAGE][PASSED] - Text ****** has been set on object 'Object Repository/testlistener_tc_1_OR/Page_Amazon Sign-In/input_password'

28-01-2024T13:21:47 - [TEST_STEP][PASSED] - click(findTestObject("Object Repository/testlistener_tc_1_OR/Page_Amazon Sign-In/inputsignInSubmit")): Object: 'Object Repository/testlistener_tc_1_OR/Page_Amazon Sign-In/inputsignInSubmit' is clicked on

28-01-2024T13:21:47 - [MESSAGE][PASSED] - Object: 'Object Repository/testlistener_tc_1_OR/Page_Amazon Sign-In/inputsignInSubmit' is clicked on

28-01-2024T13:21:47 - [TEST_STEP][PASSED] - selectOptionByValue(findTestObject("Object Repository/testlistener_tc_1_OR/Page_Amazon.com. Spend less. Smile more/select_All Departments        Arts  Crafts _135c92"), "search-alias=electronics-intl-ship", true): All options with value 'search-alias=electronics-intl-ship' are selected in object 'Object Repository/testlistener_tc_1_OR/Page_Amazon.com. Spend less. Smile more/select_All Departments        Arts  Crafts _135c92'  using regular expression

28-01-2024T13:21:55 - [MESSAGE][PASSED] - All options with value 'search-alias=electronics-intl-ship' are selected in object 'Object Repository/testlistener_tc_1_OR/Page_Amazon.com. Spend less. Smile more/select_All Departments        Arts  Crafts _135c92'  using regular expression

28-01-2024T13:21:55 - [TEST_STEP][PASSED] - setText(findTestObject("Object Repository/testlistener_tc_1_OR/Page_Amazon.com. Spend less. Smile more/input_field-keywords"), "smart watches"): Text 'smart watches' is set on object 'Object Repository/testlistener_tc_1_OR/Page_Amazon.com. Spend less. Smile more/input_field-keywords'

28-01-2024T13:21:57 - [MESSAGE][PASSED] - Text 'smart watches' is set on object 'Object Repository/testlistener_tc_1_OR/Page_Amazon.com. Spend less. Smile more/input_field-keywords'

28-01-2024T13:21:57 - [TEST_STEP][PASSED] - click(findTestObject("Object Repository/testlistener_tc_1_OR/Page_Amazon.com. Spend less. Smile more/inputnav-search-submit-button")): Object: 'Object Repository/testlistener_tc_1_OR/Page_Amazon.com. Spend less. Smile more/inputnav-search-submit-button' is clicked on

28-01-2024T13:22:05 - [MESSAGE][PASSED] - Object: 'Object Repository/testlistener_tc_1_OR/Page_Amazon.com. Spend less. Smile more/inputnav-search-submit-button' is clicked on

28-01-2024T13:22:05 - [TEST_STEP][PASSED] - Start listener action : sampleAfterTestCase: Object: 'Object Repository/testlistener_tc_1_OR/Page_Amazon.com  smart watches/a_Sign Out' is clicked on

28-01-2024T13:22:05 - [TEST_STEP][PASSED] - click(findTestObject("Object Repository/testlistener_tc_1_OR/Page_Amazon.com  smart watches/a_All")): Object: 'Object Repository/testlistener_tc_1_OR/Page_Amazon.com  smart watches/a_All' is clicked on

28-01-2024T13:22:06 - [MESSAGE][PASSED] - Object: 'Object Repository/testlistener_tc_1_OR/Page_Amazon.com  smart watches/a_All' is clicked on

28-01-2024T13:22:06 - [TEST_STEP][PASSED] - click(findTestObject("Object Repository/testlistener_tc_1_OR/Page_Amazon.com  smart watches/a_Sign Out")): Object: 'Object Repository/testlistener_tc_1_OR/Page_Amazon.com  smart watches/a_Sign Out' is clicked on

28-01-2024T13:22:10 - [MESSAGE][PASSED] - Object: 'Object Repository/testlistener_tc_1_OR/Page_Amazon.com  smart watches/a_Sign Out' is clicked on]]></system-out>
         <system-err><![CDATA[]]></system-err>
      </testcase>
      <system-out><![CDATA[28-01-2024T13:21:29 - [TEST_SUITE][PASSED] - testlistener_testsuit1: Test Cases/test_listeners/TL_tc_1]]></system-out>
      <system-err><![CDATA[]]></system-err>
   </testsuite>
</testsuites>
